<?xml version="1.0" encoding="UTF-8"?>
<!-- Generated by org.testng.reporters.JUnitXMLReporter -->
<testsuite ignored="6" hostname="LAPTOP-CLABT0HJ" failures="1" tests="8" name="Test" time="120.916" errors="0" timestamp="2024-04-11T21:46:56 IST">
  <testcase classname="com.luma.Testcase.IndexPageTest" name="myLumaTitle" time="0.036"/>
  <testcase classname="com.luma.Testcase.IndexPageTest" name="verifyLogo" time="0.277"/>
  <testcase classname="com.luma.Testcase.HomePageTest" name="searchingProduuct" time="3.251"/>
  <testcase classname="com.luma.Testcase.LoginPageTest" name="LoginTest" time="7.512"/>
  <testcase classname="com.luma.Testcase.SearchResultPageTest" name="ClickOnproduct" time="4.77"/>
  <testcase classname="com.luma.Testcase.shopingcarttest" name="sopingcarT" time="8.342">
    <failure type="org.openqa.selenium.NoSuchElementException" message="no such element: Unable to locate element: {&amp;quot;method&amp;quot;:&amp;quot;link text&amp;quot;,&amp;quot;selector&amp;quot;:&amp;quot;scope: &amp;apos;minicart_content&amp;apos;&amp;quot;}
  (Session info: chrome=123.0.6312.106)
For documentation on this error, please visit: https://www.selenium.dev/documentation/webdriver/troubleshooting/errors#no-such-element-exception
Build info: version: &amp;apos;4.16.1&amp;apos;, revision: &amp;apos;9b4c83354e&amp;apos;
System info: os.name: &amp;apos;Windows 11&amp;apos;, os.arch: &amp;apos;amd64&amp;apos;, os.version: &amp;apos;10.0&amp;apos;, java.version: &amp;apos;17.0.10&amp;apos;
Driver info: org.openqa.selenium.chrome.ChromeDriver
Command: [5ac8a9881882025a3ca12956c9523d58, findElement {using=link text, value=scope: &amp;apos;minicart_content&amp;apos;}]
Capabilities {acceptInsecureCerts: false, browserName: chrome, browserVersion: 123.0.6312.106, chrome: {chromedriverVersion: 123.0.6312.86 (9b72c47a0536..., userDataDir: C:\WINDOWS\TEMP\scoped_dir1...}, fedcm:accounts: true, goog:chromeOptions: {debuggerAddress: localhost:54893}, networkConnectionEnabled: false, pageLoadStrategy: normal, platformName: windows, proxy: Proxy(), se:cdp: ws://localhost:54893/devtoo..., se:cdpVersion: 123.0.6312.106, setWindowRect: true, strictFileInteractability: false, timeouts: {implicit: 0, pageLoad: 300000, script: 30000}, unhandledPromptBehavior: dismiss and notify, webauthn:extension:credBlob: true, webauthn:extension:largeBlob: true, webauthn:extension:minPinLength: true, webauthn:extension:prf: true, webauthn:virtualAuthenticators: true}
Session ID: 5ac8a9881882025a3ca12956c9523d58">
      <![CDATA[org.openqa.selenium.NoSuchElementException: no such element: Unable to locate element: {"method":"link text","selector":"scope: 'minicart_content'"}
  (Session info: chrome=123.0.6312.106)
For documentation on this error, please visit: https://www.selenium.dev/documentation/webdriver/troubleshooting/errors#no-such-element-exception
Build info: version: '4.16.1', revision: '9b4c83354e'
System info: os.name: 'Windows 11', os.arch: 'amd64', os.version: '10.0', java.version: '17.0.10'
Driver info: org.openqa.selenium.chrome.ChromeDriver
Command: [5ac8a9881882025a3ca12956c9523d58, findElement {using=link text, value=scope: 'minicart_content'}]
Capabilities {acceptInsecureCerts: false, browserName: chrome, browserVersion: 123.0.6312.106, chrome: {chromedriverVersion: 123.0.6312.86 (9b72c47a0536..., userDataDir: C:\WINDOWS\TEMP\scoped_dir1...}, fedcm:accounts: true, goog:chromeOptions: {debuggerAddress: localhost:54893}, networkConnectionEnabled: false, pageLoadStrategy: normal, platformName: windows, proxy: Proxy(), se:cdp: ws://localhost:54893/devtoo..., se:cdpVersion: 123.0.6312.106, setWindowRect: true, strictFileInteractability: false, timeouts: {implicit: 0, pageLoad: 300000, script: 30000}, unhandledPromptBehavior: dismiss and notify, webauthn:extension:credBlob: true, webauthn:extension:largeBlob: true, webauthn:extension:minPinLength: true, webauthn:extension:prf: true, webauthn:virtualAuthenticators: true}
Session ID: 5ac8a9881882025a3ca12956c9523d58
at org.openqa.selenium.remote.codec.w3c.W3CHttpResponseCodec.createException(W3CHttpResponseCodec.java:200)
at org.openqa.selenium.remote.codec.w3c.W3CHttpResponseCodec.decode(W3CHttpResponseCodec.java:133)
at org.openqa.selenium.remote.codec.w3c.W3CHttpResponseCodec.decode(W3CHttpResponseCodec.java:52)
at org.openqa.selenium.remote.HttpCommandExecutor.execute(HttpCommandExecutor.java:191)
at org.openqa.selenium.remote.service.DriverCommandExecutor.invokeExecute(DriverCommandExecutor.java:200)
at org.openqa.selenium.remote.service.DriverCommandExecutor.execute(DriverCommandExecutor.java:175)
at org.openqa.selenium.remote.RemoteWebDriver.execute(RemoteWebDriver.java:523)
at org.openqa.selenium.remote.ElementLocation$ElementFinder$2.findElement(ElementLocation.java:165)
at org.openqa.selenium.remote.ElementLocation.findElement(ElementLocation.java:59)
at org.openqa.selenium.remote.RemoteWebDriver.findElement(RemoteWebDriver.java:360)
at org.openqa.selenium.remote.RemoteWebDriver.findElement(RemoteWebDriver.java:354)
at org.openqa.selenium.support.pagefactory.DefaultElementLocator.findElement(DefaultElementLocator.java:68)
at org.openqa.selenium.support.pagefactory.internal.LocatingElementHandler.invoke(LocatingElementHandler.java:38)
at jdk.proxy2/jdk.proxy2.$Proxy14.click(Unknown Source)
at com.luma.pageobject.ShopingCart.shopingcartt(ShopingCart.java:25)
at com.luma.Testcase.shopingcarttest.sopingcarT(shopingcarttest.java:46)
at java.base/java.util.ArrayList.forEach(ArrayList.java:1511)
... Removed 32 stack frames]]>
    </failure>
  </testcase> <!-- sopingcarT -->
  <testcase classname="com.luma.Testcase.addtocartpageTest" name="productInfo" time="7.709"/>
  <testcase classname="com.luma.Testcase.AccountcreatiobtestClass" name="CreatingAccount" time="6.275"/>
  <testcase classname="com.luma.Base.baseClass" name="@BeforeTest LaunchApp" time="0.0">
    <ignored/>
  </testcase> <!-- @BeforeTest LaunchApp -->
  <testcase classname="com.luma.Base.baseClass" name="@BeforeTest LaunchApp" time="0.0">
    <ignored/>
  </testcase> <!-- @BeforeTest LaunchApp -->
  <testcase classname="com.luma.Base.baseClass" name="@BeforeTest LaunchApp" time="0.0">
    <ignored/>
  </testcase> <!-- @BeforeTest LaunchApp -->
  <testcase classname="com.luma.Base.baseClass" name="@BeforeTest LaunchApp" time="0.0">
    <ignored/>
  </testcase> <!-- @BeforeTest LaunchApp -->
  <testcase classname="com.luma.Base.baseClass" name="@BeforeTest LaunchApp" time="0.0">
    <ignored/>
  </testcase> <!-- @BeforeTest LaunchApp -->
  <testcase classname="com.luma.Base.baseClass" name="@BeforeTest LaunchApp" time="0.0">
    <ignored/>
  </testcase> <!-- @BeforeTest LaunchApp -->
</testsuite> <!-- Test -->
