<?xml version="1.0" encoding="UTF-8"?>
<!-- Generated by org.testng.reporters.JUnitXMLReporter -->
<testsuite ignored="0" hostname="LAPTOP-CLABT0HJ" failures="1" tests="3" name="Test(failed)" time="54.34" errors="0" timestamp="2024-02-26T10:36:11 IST">
  <testcase classname="com.luma.Testcase.addtocartpageTest" name="productInfo" time="9.561"/>
  <testcase classname="com.luma.Testcase.shopingcarttest" name="sopingcarT" time="1.256">
    <failure type="org.openqa.selenium.ElementClickInterceptedException" message="element click intercepted: Element &amp;lt;button type=&amp;quot;submit&amp;quot; title=&amp;quot;Search&amp;quot; class=&amp;quot;action search&amp;quot; aria-label=&amp;quot;Search&amp;quot; disabled=&amp;quot;&amp;quot;&amp;gt;...&amp;lt;/button&amp;gt; is not clickable at point (1326, 129). Other element would receive the click: &amp;lt;input id=&amp;quot;search&amp;quot; type=&amp;quot;text&amp;quot; name=&amp;quot;q&amp;quot; value=&amp;quot;&amp;quot; placeholder=&amp;quot;Search entire store here...&amp;quot; class=&amp;quot;input-text&amp;quot; maxlength=&amp;quot;128&amp;quot; role=&amp;quot;combobox&amp;quot; aria-haspopup=&amp;quot;false&amp;quot; aria-autocomplete=&amp;quot;both&amp;quot; autocomplete=&amp;quot;off&amp;quot; aria-expanded=&amp;quot;true&amp;quot;&amp;gt;
  (Session info: chrome=121.0.6167.185)
Build info: version: &amp;apos;4.16.1&amp;apos;, revision: &amp;apos;9b4c83354e&amp;apos;
System info: os.name: &amp;apos;Windows 11&amp;apos;, os.arch: &amp;apos;amd64&amp;apos;, os.version: &amp;apos;10.0&amp;apos;, java.version: &amp;apos;17.0.9&amp;apos;
Driver info: org.openqa.selenium.chrome.ChromeDriver
Command: [efa9f6a8328ff5d734fec13769e1b19f, clickElement {id=54BB86921A6E36968A78ED67631327C1_element_43}]
Capabilities {acceptInsecureCerts: false, browserName: chrome, browserVersion: 121.0.6167.185, chrome: {chromedriverVersion: 121.0.6167.184 (057a8ae7deb..., userDataDir: C:\WINDOWS\TEMP\scoped_dir1...}, fedcm:accounts: true, goog:chromeOptions: {debuggerAddress: localhost:54423}, networkConnectionEnabled: false, pageLoadStrategy: normal, platformName: windows, proxy: Proxy(), se:cdp: ws://localhost:54423/devtoo..., se:cdpVersion: 121.0.6167.185, setWindowRect: true, strictFileInteractability: false, timeouts: {implicit: 0, pageLoad: 300000, script: 30000}, unhandledPromptBehavior: dismiss and notify, webauthn:extension:credBlob: true, webauthn:extension:largeBlob: true, webauthn:extension:minPinLength: true, webauthn:extension:prf: true, webauthn:virtualAuthenticators: true}
Element: [[ChromeDriver: chrome on windows (efa9f6a8328ff5d734fec13769e1b19f)] -&amp;gt; xpath: //button[@title=&amp;quot;Search&amp;quot;]]
Session ID: efa9f6a8328ff5d734fec13769e1b19f">
      <![CDATA[org.openqa.selenium.ElementClickInterceptedException: element click intercepted: Element <button type="submit" title="Search" class="action search" aria-label="Search" disabled="">...</button> is not clickable at point (1326, 129). Other element would receive the click: <input id="search" type="text" name="q" value="" placeholder="Search entire store here..." class="input-text" maxlength="128" role="combobox" aria-haspopup="false" aria-autocomplete="both" autocomplete="off" aria-expanded="true">
  (Session info: chrome=121.0.6167.185)
Build info: version: '4.16.1', revision: '9b4c83354e'
System info: os.name: 'Windows 11', os.arch: 'amd64', os.version: '10.0', java.version: '17.0.9'
Driver info: org.openqa.selenium.chrome.ChromeDriver
Command: [efa9f6a8328ff5d734fec13769e1b19f, clickElement {id=54BB86921A6E36968A78ED67631327C1_element_43}]
Capabilities {acceptInsecureCerts: false, browserName: chrome, browserVersion: 121.0.6167.185, chrome: {chromedriverVersion: 121.0.6167.184 (057a8ae7deb..., userDataDir: C:\WINDOWS\TEMP\scoped_dir1...}, fedcm:accounts: true, goog:chromeOptions: {debuggerAddress: localhost:54423}, networkConnectionEnabled: false, pageLoadStrategy: normal, platformName: windows, proxy: Proxy(), se:cdp: ws://localhost:54423/devtoo..., se:cdpVersion: 121.0.6167.185, setWindowRect: true, strictFileInteractability: false, timeouts: {implicit: 0, pageLoad: 300000, script: 30000}, unhandledPromptBehavior: dismiss and notify, webauthn:extension:credBlob: true, webauthn:extension:largeBlob: true, webauthn:extension:minPinLength: true, webauthn:extension:prf: true, webauthn:virtualAuthenticators: true}
Element: [[ChromeDriver: chrome on windows (efa9f6a8328ff5d734fec13769e1b19f)] -> xpath: //button[@title="Search"]]
Session ID: efa9f6a8328ff5d734fec13769e1b19f
at org.openqa.selenium.remote.codec.w3c.W3CHttpResponseCodec.createException(W3CHttpResponseCodec.java:200)
at org.openqa.selenium.remote.codec.w3c.W3CHttpResponseCodec.decode(W3CHttpResponseCodec.java:133)
at org.openqa.selenium.remote.codec.w3c.W3CHttpResponseCodec.decode(W3CHttpResponseCodec.java:52)
at org.openqa.selenium.remote.HttpCommandExecutor.execute(HttpCommandExecutor.java:191)
at org.openqa.selenium.remote.service.DriverCommandExecutor.invokeExecute(DriverCommandExecutor.java:200)
at org.openqa.selenium.remote.service.DriverCommandExecutor.execute(DriverCommandExecutor.java:175)
at org.openqa.selenium.remote.RemoteWebDriver.execute(RemoteWebDriver.java:523)
at org.openqa.selenium.remote.RemoteWebElement.execute(RemoteWebElement.java:224)
at org.openqa.selenium.remote.RemoteWebElement.click(RemoteWebElement.java:77)
at org.openqa.selenium.support.pagefactory.internal.LocatingElementHandler.invoke(LocatingElementHandler.java:51)
at jdk.proxy2/jdk.proxy2.$Proxy13.click(Unknown Source)
at com.luma.pageobject.HomePage.searchinBox(HomePage.java:31)
at com.luma.Testcase.shopingcarttest.sopingcarT(shopingcarttest.java:39)
at java.base/java.util.ArrayList.forEach(ArrayList.java:1511)
... Removed 36 stack frames]]>
    </failure>
  </testcase> <!-- sopingcarT -->
  <testcase classname="com.luma.Testcase.SearchResultPageTest" name="ClickOnproduct" time="7.102"/>
</testsuite> <!-- Test(failed) -->
